<?xml version="1.0" encoding="UTF-8"?>
<!-- Generated by org.testng.reporters.JUnitReportReporter -->
<testsuite skipped="0" hostname="MehediAziz" name="com.qa.test.App" tests="1" failures="0" timestamp="14 Mar 2019 11:04:53 GMT" time="13.759" errors="0">
  <testcase name="titleTest" time="13.759" classname="com.qa.test.App"/>
</testsuite> <!-- com.qa.test.App -->
